<?xml version="1.0" encoding="UTF-8"?>
<!-- Generated by org.testng.reporters.JUnitReportReporter -->
<testsuite hostname="Devkant-DELL" failures="0" tests="4" name="com.qa.opencart.tests.LoginPageTest" time="2.833" errors="0" timestamp="02 Sep 2021 04:12:09 GMT" skipped="0">
  <testcase classname="com.qa.opencart.tests.LoginPageTest" name="loginPageTitleTest" time="0.146"/>
  <testcase classname="com.qa.opencart.tests.LoginPageTest" name="loginPageHeaderTest" time="0.042"/>
  <testcase classname="com.qa.opencart.tests.LoginPageTest" name="forgotPwdLinkTest" time="0.050"/>
  <testcase classname="com.qa.opencart.tests.LoginPageTest" name="loginTest" time="2.595"/>
</testsuite> <!-- com.qa.opencart.tests.LoginPageTest -->
